0 info it worked if it ends with ok
1 verbose cli [ '/usr/local/bin/node',
1 verbose cli   '/usr/local/bin/npm',
1 verbose cli   'install',
1 verbose cli   '-g',
1 verbose cli   'cordova' ]
2 info using npm@2.15.9
3 info using node@v4.5.0
4 verbose install initial load of /usr/local/lib/package.json
5 verbose readDependencies loading dependencies from /usr/local/lib/package.json
6 silly cache add args [ 'cordova', null ]
7 verbose cache add spec cordova
8 silly cache add parsed spec Result {
8 silly cache add   raw: 'cordova',
8 silly cache add   scope: null,
8 silly cache add   name: 'cordova',
8 silly cache add   rawSpec: '',
8 silly cache add   spec: 'latest',
8 silly cache add   type: 'tag' }
9 silly addNamed cordova@latest
10 verbose addNamed "latest" is being treated as a dist-tag for cordova
11 info addNameTag [ 'cordova', 'latest' ]
12 silly mapToRegistry name cordova
13 silly mapToRegistry using default registry
14 silly mapToRegistry registry https://registry.npmjs.org/
15 silly mapToRegistry data Result {
15 silly mapToRegistry   raw: 'cordova',
15 silly mapToRegistry   scope: null,
15 silly mapToRegistry   name: 'cordova',
15 silly mapToRegistry   rawSpec: '',
15 silly mapToRegistry   spec: 'latest',
15 silly mapToRegistry   type: 'tag' }
16 silly mapToRegistry uri https://registry.npmjs.org/cordova
17 verbose addNameTag registry:https://registry.npmjs.org/cordova not in flight; fetching
18 verbose request uri https://registry.npmjs.org/cordova
19 verbose request no auth needed
20 info attempt registry request try #1 at 10:34:57 PM
21 verbose request id b01ecda52cf40a0d
22 http request GET https://registry.npmjs.org/cordova
23 http 200 https://registry.npmjs.org/cordova
24 verbose headers { server: 'CouchDB/1.6.1 (Erlang OTP/R16B03)',
24 verbose headers   etag: '"584YLFW5WBX9SJBPC6JBPB87D"',
24 verbose headers   'content-type': 'application/json',
24 verbose headers   'content-encoding': 'gzip',
24 verbose headers   'cache-control': 'max-age=300',
24 verbose headers   'content-length': '55998',
24 verbose headers   'accept-ranges': 'bytes',
24 verbose headers   date: 'Tue, 27 Sep 2016 21:34:57 GMT',
24 verbose headers   via: '1.1 varnish',
24 verbose headers   age: '56',
24 verbose headers   connection: 'keep-alive',
24 verbose headers   'x-served-by': 'cache-lhr6334-LHR',
24 verbose headers   'x-cache': 'HIT',
24 verbose headers   'x-cache-hits': '1',
24 verbose headers   'x-timer': 'S1475012097.442155,VS0,VE0',
24 verbose headers   vary: 'Accept-Encoding' }
25 silly get cb [ 200,
25 silly get   { server: 'CouchDB/1.6.1 (Erlang OTP/R16B03)',
25 silly get     etag: '"584YLFW5WBX9SJBPC6JBPB87D"',
25 silly get     'content-type': 'application/json',
25 silly get     'content-encoding': 'gzip',
25 silly get     'cache-control': 'max-age=300',
25 silly get     'content-length': '55998',
25 silly get     'accept-ranges': 'bytes',
25 silly get     date: 'Tue, 27 Sep 2016 21:34:57 GMT',
25 silly get     via: '1.1 varnish',
25 silly get     age: '56',
25 silly get     connection: 'keep-alive',
25 silly get     'x-served-by': 'cache-lhr6334-LHR',
25 silly get     'x-cache': 'HIT',
25 silly get     'x-cache-hits': '1',
25 silly get     'x-timer': 'S1475012097.442155,VS0,VE0',
25 silly get     vary: 'Accept-Encoding' } ]
26 verbose get saving cordova to /Users/thomasmichaelkershaw/.npm/registry.npmjs.org/cordova/.cache.json
27 verbose correctMkdir /Users/thomasmichaelkershaw/.npm correctMkdir not in flight; initializing
28 silly addNameTag next cb for cordova with tag latest
29 silly addNamed cordova@6.3.1
30 verbose addNamed "6.3.1" is a plain semver version for cordova
31 silly mapToRegistry name cordova
32 silly mapToRegistry using default registry
33 silly mapToRegistry registry https://registry.npmjs.org/
34 silly mapToRegistry data Result {
34 silly mapToRegistry   raw: 'cordova',
34 silly mapToRegistry   scope: null,
34 silly mapToRegistry   name: 'cordova',
34 silly mapToRegistry   rawSpec: '',
34 silly mapToRegistry   spec: 'latest',
34 silly mapToRegistry   type: 'tag' }
35 silly mapToRegistry uri https://registry.npmjs.org/cordova
36 verbose addRemoteTarball https://registry.npmjs.org/cordova/-/cordova-6.3.1.tgz not in flight; adding
37 verbose addRemoteTarball [ 'https://registry.npmjs.org/cordova/-/cordova-6.3.1.tgz',
37 verbose addRemoteTarball   '0513fa5c0aee5be63c853b214cfb83382a2f8c61' ]
38 info retry fetch attempt 1 at 10:34:58 PM
39 info attempt registry request try #1 at 10:34:58 PM
40 http fetch GET https://registry.npmjs.org/cordova/-/cordova-6.3.1.tgz
41 http fetch 200 https://registry.npmjs.org/cordova/-/cordova-6.3.1.tgz
42 silly fetchAndShaCheck shasum 0513fa5c0aee5be63c853b214cfb83382a2f8c61
43 verbose addTmpTarball /var/folders/xz/gy69h7rd5njg_chp1zt6fj900000gq/T/npm-7669-e4f37280/registry.npmjs.org/cordova/-/cordova-6.3.1.tgz not in flight; adding
44 verbose addTmpTarball already have metadata; skipping unpack for cordova@6.3.1
45 verbose correctMkdir /Users/thomasmichaelkershaw/.npm correctMkdir not in flight; initializing
46 silly cache afterAdd cordova@6.3.1
47 verbose afterAdd /Users/thomasmichaelkershaw/.npm/cordova/6.3.1/package/package.json not in flight; writing
48 verbose correctMkdir /Users/thomasmichaelkershaw/.npm correctMkdir not in flight; initializing
49 verbose afterAdd /Users/thomasmichaelkershaw/.npm/cordova/6.3.1/package/package.json written
50 silly install resolved [ { name: 'cordova',
50 silly install resolved     version: '6.3.1',
50 silly install resolved     preferGlobal: 'true',
50 silly install resolved     description: 'Cordova command line interface tool',
50 silly install resolved     main: 'cordova',
50 silly install resolved     engines: { node: '>=0.9.9' },
50 silly install resolved     engineStrict: true,
50 silly install resolved     bin: { cordova: './bin/cordova' },
50 silly install resolved     scripts:
50 silly install resolved      { test: 'node node_modules/jasmine-node/bin/jasmine-node --captureExceptions --color spec',
50 silly install resolved        cover: 'node node_modules/istanbul/lib/cli.js cover --root src --print detail node_modules/jasmine-node/bin/jasmine-node -- spec' },
50 silly install resolved     repository:
50 silly install resolved      { type: 'git',
50 silly install resolved        url: 'https://git-wip-us.apache.org/repos/asf/cordova-cli.git' },
50 silly install resolved     bugs:
50 silly install resolved      { url: 'https://issues.apache.org/jira/browse/CB',
50 silly install resolved        email: 'dev@cordova.apache.org' },
50 silly install resolved     keywords: [ 'cordova', 'client', 'cli' ],
50 silly install resolved     dependencies:
50 silly install resolved      { 'cordova-lib': '6.3.1',
50 silly install resolved        'cordova-common': '1.4.x',
50 silly install resolved        q: '1.0.1',
50 silly install resolved        nopt: '3.0.1',
50 silly install resolved        underscore: '1.7.0',
50 silly install resolved        'update-notifier': '^0.5.0',
50 silly install resolved        insight: '~0.8.2' },
50 silly install resolved     devDependencies:
50 silly install resolved      { istanbul: '^0.3.4',
50 silly install resolved        grunt: '0.4.5',
50 silly install resolved        'grunt-retire': '0.3.7',
50 silly install resolved        'jasmine-node': '1.14.5' },
50 silly install resolved     author: { name: 'Anis Kadri' },
50 silly install resolved     contributors:
50 silly install resolved      [ [Object],
50 silly install resolved        [Object],
50 silly install resolved        [Object],
50 silly install resolved        [Object],
50 silly install resolved        [Object],
50 silly install resolved        [Object],
50 silly install resolved        [Object],
50 silly install resolved        [Object],
50 silly install resolved        [Object],
50 silly install resolved        [Object],
50 silly install resolved        [Object],
50 silly install resolved        [Object],
50 silly install resolved        [Object],
50 silly install resolved        [Object],
50 silly install resolved        [Object],
50 silly install resolved        [Object],
50 silly install resolved        [Object],
50 silly install resolved        [Object],
50 silly install resolved        [Object],
50 silly install resolved        [Object],
50 silly install resolved        [Object],
50 silly install resolved        [Object],
50 silly install resolved        [Object],
50 silly install resolved        [Object] ],
50 silly install resolved     license: 'Apache-2.0',
50 silly install resolved     _id: 'cordova@6.3.1',
50 silly install resolved     _shasum: '0513fa5c0aee5be63c853b214cfb83382a2f8c61',
50 silly install resolved     _resolved: 'https://registry.npmjs.org/cordova/-/cordova-6.3.1.tgz',
50 silly install resolved     _from: 'cordova@latest',
50 silly install resolved     _npmVersion: '3.10.6',
50 silly install resolved     _nodeVersion: '6.3.0',
50 silly install resolved     _npmUser:
50 silly install resolved      { name: 'kotikov.vladimir',
50 silly install resolved        email: 'kotikov.vladimir@gmail.com' },
50 silly install resolved     dist:
50 silly install resolved      { shasum: '0513fa5c0aee5be63c853b214cfb83382a2f8c61',
50 silly install resolved        tarball: 'https://registry.npmjs.org/cordova/-/cordova-6.3.1.tgz' },
50 silly install resolved     maintainers:
50 silly install resolved      [ [Object],
50 silly install resolved        [Object],
50 silly install resolved        [Object],
50 silly install resolved        [Object],
50 silly install resolved        [Object],
50 silly install resolved        [Object],
50 silly install resolved        [Object],
50 silly install resolved        [Object],
50 silly install resolved        [Object],
50 silly install resolved        [Object],
50 silly install resolved        [Object],
50 silly install resolved        [Object],
50 silly install resolved        [Object],
50 silly install resolved        [Object],
50 silly install resolved        [Object],
50 silly install resolved        [Object],
50 silly install resolved        [Object],
50 silly install resolved        [Object] ],
50 silly install resolved     _npmOperationalInternal:
50 silly install resolved      { host: 'packages-12-west.internal.npmjs.com',
50 silly install resolved        tmp: 'tmp/cordova-6.3.1.tgz_1471253116105_0.132627623854205' },
50 silly install resolved     directories: {} } ]
51 info install cordova@6.3.1 into /usr/local/lib
52 info installOne cordova@6.3.1
53 verbose installOne of cordova to /usr/local/lib not in flight; installing
54 verbose correctMkdir /Users/thomasmichaelkershaw/.npm/_locks correctMkdir not in flight; initializing
55 verbose makeDirectory /Users/thomasmichaelkershaw/.npm/_locks creation not in flight; initializing
56 silly makeDirectory /Users/thomasmichaelkershaw/.npm/_locks uid: 503 gid: 20
57 verbose lock using /Users/thomasmichaelkershaw/.npm/_locks/cordova-fa12e2e096426a32.lock for /usr/local/lib/node_modules/cordova
58 silly install write writing cordova 6.3.1 to /usr/local/lib/node_modules/cordova
59 verbose unbuild lib/node_modules/cordova
60 silly gentlyRm /usr/local/lib/node_modules/cordova is being purged from base /usr/local
61 verbose gentlyRm don't care about contents; nuking /usr/local/lib/node_modules/cordova
62 verbose tar unpack /Users/thomasmichaelkershaw/.npm/cordova/6.3.1/package.tgz
63 verbose tar unpacking to /usr/local/lib/node_modules/cordova
64 silly gentlyRm /usr/local/lib/node_modules/cordova is being purged
65 verbose gentlyRm don't care about contents; nuking /usr/local/lib/node_modules/cordova
66 silly gunzTarPerm modes [ '755', '644' ]
67 error tar.unpack untar error /Users/thomasmichaelkershaw/.npm/cordova/6.3.1/package.tgz
68 verbose unlock done using /Users/thomasmichaelkershaw/.npm/_locks/cordova-fa12e2e096426a32.lock for /usr/local/lib/node_modules/cordova
69 verbose fstream_path /usr/local/lib/node_modules/cordova
70 verbose fstream_type Directory
71 verbose fstream_class DirWriter
72 verbose stack Error: EACCES: permission denied, mkdir '/usr/local/lib/node_modules/cordova'
72 verbose stack     at Error (native)
73 verbose fstream_stack /usr/local/lib/node_modules/npm/node_modules/fstream/lib/dir-writer.js:35:25
73 verbose fstream_stack /usr/local/lib/node_modules/npm/node_modules/mkdirp/index.js:47:53
73 verbose fstream_stack FSReqWrap.oncomplete (fs.js:82:15)
74 verbose cwd /Users/thomasmichaelkershaw/Code/looksy
75 error Darwin 15.6.0
76 error argv "/usr/local/bin/node" "/usr/local/bin/npm" "install" "-g" "cordova"
77 error node v4.5.0
78 error npm  v2.15.9
79 error path /usr/local/lib/node_modules/cordova
80 error code EACCES
81 error errno -13
82 error syscall mkdir
83 error Error: EACCES: permission denied, mkdir '/usr/local/lib/node_modules/cordova'
83 error     at Error (native)
83 error  { [Error: EACCES: permission denied, mkdir '/usr/local/lib/node_modules/cordova']
83 error   errno: -13,
83 error   code: 'EACCES',
83 error   syscall: 'mkdir',
83 error   path: '/usr/local/lib/node_modules/cordova',
83 error   fstream_type: 'Directory',
83 error   fstream_path: '/usr/local/lib/node_modules/cordova',
83 error   fstream_class: 'DirWriter',
83 error   fstream_stack:
83 error    [ '/usr/local/lib/node_modules/npm/node_modules/fstream/lib/dir-writer.js:35:25',
83 error      '/usr/local/lib/node_modules/npm/node_modules/mkdirp/index.js:47:53',
83 error      'FSReqWrap.oncomplete (fs.js:82:15)' ] }
84 error Please try running this command again as root/Administrator.
85 verbose exit [ -13, true ]
86 verbose unbuild lib/node_modules/cordova
87 silly gentlyRm /usr/local/lib/node_modules/cordova is being purged from base /usr/local
88 verbose gentlyRm don't care about contents; nuking /usr/local/lib/node_modules/cordova
